<?xml version="1.0" encoding="UTF-8"?>
<!-- Generated by org.testng.reporters.JUnitReportReporter -->
<testsuite hostname="Rika" name="com.nlsinc.webservices.soap.SoapUIConvertVolumeTest" tests="1" failures="0" timestamp="17 Aug 2014 16:02:36 GMT" time="4.966" errors="0">
  <testcase name="testRunner" time="4.966" classname="com.nlsinc.webservices.soap.SoapUIConvertVolumeTest"/>
</testsuite> <!-- com.nlsinc.webservices.soap.SoapUIConvertVolumeTest -->
