<?xml version="1.0" encoding="UTF-8"?>
<!-- Generated by org.testng.reporters.JUnitReportReporter -->
<testsuite hostname="Rika" name="com.nlsinc.webservices.soap.SoapUICalculatorTest" tests="1" failures="0" timestamp="18 Aug 2014 05:37:08 GMT" time="16.809" errors="0">
  <testcase name="testRunner" time="16.809" classname="com.nlsinc.webservices.soap.SoapUICalculatorTest"/>
</testsuite> <!-- com.nlsinc.webservices.soap.SoapUICalculatorTest -->
