<?xml version="1.0" encoding="UTF-8"?>
<!-- Generated by org.testng.reporters.JUnitReportReporter -->
<testsuite hostname="Rika" name="com.nlsinc.webservices.soap.ConvertVolumeTest" tests="3" failures="0" timestamp="17 Aug 2014 17:10:02 GMT" time="0.232" errors="0">
  <testcase name="testService" time="0.057" classname="com.nlsinc.webservices.soap.ConvertVolumeTest"/>
  <testcase name="testService" time="0.050" classname="com.nlsinc.webservices.soap.ConvertVolumeTest"/>
  <testcase name="testService" time="0.125" classname="com.nlsinc.webservices.soap.ConvertVolumeTest"/>
</testsuite> <!-- com.nlsinc.webservices.soap.ConvertVolumeTest -->
