<?xml version="1.0" encoding="UTF-8"?>
<!-- Generated by org.testng.reporters.JUnitReportReporter -->
<testsuite hostname="Rika" name="com.nlsinc.webservices.StockQuoteTest" tests="2" failures="0" timestamp="12 Aug 2014 10:57:53 GMT" time="0.637" errors="0">
  <testcase name="testCurrency" time="0.302" classname="com.nlsinc.webservices.StockQuoteTest"/>
  <testcase name="testCurrency" time="0.335" classname="com.nlsinc.webservices.StockQuoteTest"/>
</testsuite> <!-- com.nlsinc.webservices.StockQuoteTest -->
