<?xml version="1.0" encoding="UTF-8"?>
<!-- Generated by org.testng.reporters.JUnitReportReporter -->
<testsuite hostname="Rika" name="com.nlsinc.webservices.soap.GlobalWeatherTest" tests="2" failures="0" timestamp="17 Aug 2014 15:13:24 GMT" time="0.260" errors="0">
  <testcase name="testService" time="0.157" classname="com.nlsinc.webservices.soap.GlobalWeatherTest"/>
  <testcase name="testService" time="0.103" classname="com.nlsinc.webservices.soap.GlobalWeatherTest"/>
</testsuite> <!-- com.nlsinc.webservices.soap.GlobalWeatherTest -->
