<?xml version="1.0" encoding="UTF-8"?>
<!-- Generated by org.testng.reporters.JUnitReportReporter -->
<testsuite hostname="Rika" name="com.nlsinc.webservices.soap.SoapUICurrencyConverterTest" tests="1" failures="0" timestamp="17 Aug 2014 05:47:28 GMT" time="3.834" errors="0">
  <testcase name="testRunner2" time="3.834" classname="com.nlsinc.webservices.soap.SoapUICurrencyConverterTest"/>
</testsuite> <!-- com.nlsinc.webservices.soap.SoapUICurrencyConverterTest -->
