<?xml version="1.0" encoding="UTF-8"?>
<!-- Generated by org.testng.reporters.JUnitReportReporter -->
<testsuite hostname="Rika" name="com.nlsinc.webservices.rest.SoapUIYoutubeSearchTest" tests="1" failures="0" timestamp="18 Aug 2014 06:07:34 GMT" time="6.790" errors="0">
  <testcase name="testRunner" time="6.790" classname="com.nlsinc.webservices.rest.SoapUIYoutubeSearchTest"/>
</testsuite> <!-- com.nlsinc.webservices.rest.SoapUIYoutubeSearchTest -->
