<?xml version="1.0" encoding="UTF-8"?>
<!-- Generated by org.testng.reporters.JUnitReportReporter -->
<testsuite hostname="Rika" name="com.nlsinc.webservices.soap.SoapUIGlobalWeatherTest" tests="1" failures="0" timestamp="17 Aug 2014 09:43:44 GMT" time="9.853" errors="0">
  <testcase name="testRunner" time="9.853" classname="com.nlsinc.webservices.soap.SoapUIGlobalWeatherTest"/>
</testsuite> <!-- com.nlsinc.webservices.soap.SoapUIGlobalWeatherTest -->
