<?xml version="1.0" encoding="UTF-8"?>
<!-- Generated by org.testng.reporters.JUnitReportReporter -->
<testsuite hostname="Rika" name="com.nlsinc.webservices.rest.SoapUITVGuideSearchTest" tests="1" failures="0" timestamp="18 Aug 2014 06:46:29 GMT" time="5.593" errors="0">
  <testcase name="testRunner" time="5.593" classname="com.nlsinc.webservices.rest.SoapUITVGuideSearchTest"/>
</testsuite> <!-- com.nlsinc.webservices.rest.SoapUITVGuideSearchTest -->
