<?xml version="1.0" encoding="UTF-8"?>
<!-- Generated by org.testng.reporters.JUnitReportReporter -->
<testsuite hostname="Rika" name="com.nlsinc.webservices.soap.CurrencyConverterTest" tests="3" failures="0" timestamp="17 Aug 2014 10:05:59 GMT" time="0.898" errors="0">
  <testcase name="testService" time="0.306" classname="com.nlsinc.webservices.soap.CurrencyConverterTest"/>
  <testcase name="testService" time="0.288" classname="com.nlsinc.webservices.soap.CurrencyConverterTest"/>
  <testcase name="testService" time="0.304" classname="com.nlsinc.webservices.soap.CurrencyConverterTest"/>
</testsuite> <!-- com.nlsinc.webservices.soap.CurrencyConverterTest -->
