<?xml version="1.0" encoding="UTF-8"?>
<!-- Generated by org.testng.reporters.JUnitReportReporter -->
<testsuite hostname="Rika" name="com.nlsinc.webservices.rest.YoutubeSearchTest" tests="2" failures="0" timestamp="18 Aug 2014 06:13:01 GMT" time="1.573" errors="0">
  <testcase name="testService" time="1.027" classname="com.nlsinc.webservices.rest.YoutubeSearchTest"/>
  <testcase name="testService" time="0.546" classname="com.nlsinc.webservices.rest.YoutubeSearchTest"/>
</testsuite> <!-- com.nlsinc.webservices.rest.YoutubeSearchTest -->
