<?xml version="1.0" encoding="UTF-8"?>
<!-- Generated by org.testng.reporters.JUnitReportReporter -->
<testsuite hostname="Rika" name="com.nlsinc.webservices.rest.TVGuideSearchTest" tests="2" failures="0" timestamp="18 Aug 2014 06:53:55 GMT" time="0.825" errors="0">
  <testcase name="testService" time="0.546" classname="com.nlsinc.webservices.rest.TVGuideSearchTest"/>
  <testcase name="testService" time="0.279" classname="com.nlsinc.webservices.rest.TVGuideSearchTest"/>
</testsuite> <!-- com.nlsinc.webservices.rest.TVGuideSearchTest -->
